<?xml version="1.0" encoding="UTF-8"?>
<!-- Generated by org.testng.reporters.JUnitReportReporter -->
<testsuite hostname="DESKTOP-QNLDC4R" failures="0" tests="1" name="response_Validation.ResponseTimeValidation" time="1.343" errors="0" timestamp="2022-04-21T12:40:51 IST" skipped="0">
  <testcase classname="response_Validation.ResponseTimeValidation" name="responseTime" time="1.343"/>
  <system-out/>
</testsuite> <!-- response_Validation.ResponseTimeValidation -->
