<?xml version="1.0" encoding="UTF-8"?>
<!-- Generated by org.testng.reporters.JUnitReportReporter -->
<testsuite hostname="DESKTOP-QNLDC4R" failures="0" tests="1" name="com.rmg.projectTest.SampleProjectTest" time="1.120" errors="0" timestamp="2022-04-19T17:10:56 IST" skipped="0">
  <testcase classname="com.rmg.projectTest.SampleProjectTest" name="getAllProjectsTest" time="1.120"/>
  <system-out/>
</testsuite> <!-- com.rmg.projectTest.SampleProjectTest -->
