<?xml version="1.0" encoding="UTF-8"?>
<!-- Generated by org.testng.reporters.JUnitReportReporter -->
<testsuite hostname="DESKTOP-QNLDC4R" failures="0" tests="1" name="parameters.formParameters" time="0.910" errors="0" timestamp="2022-04-21T15:00:57 IST" skipped="0">
  <testcase classname="parameters.formParameters" name="createProjectusingFormParameter" time="0.910"/>
  <system-out/>
</testsuite> <!-- parameters.formParameters -->
