<?xml version="1.0" encoding="UTF-8"?>
<!-- Generated by org.testng.reporters.JUnitReportReporter -->
<testsuite hostname="DESKTOP-QNLDC4R" failures="0" tests="1" name="response_Validation.dynamicResponseValidation" time="1.401" errors="0" timestamp="2022-04-21T12:12:19 IST" skipped="0">
  <testcase classname="response_Validation.dynamicResponseValidation" name="dynamicresp" time="1.401"/>
  <system-out/>
</testsuite> <!-- response_Validation.dynamicResponseValidation -->
