<?xml version="1.0" encoding="UTF-8"?>
<!-- Generated by org.testng.reporters.JUnitReportReporter -->
<testsuite hostname="DESKTOP-QNLDC4R" failures="0" tests="1" name="DifferentWaysToPost.CreateProjectUsingJSONfile" time="0.911" errors="0" timestamp="2022-04-20T16:48:51 IST" skipped="0">
  <testcase classname="DifferentWaysToPost.CreateProjectUsingJSONfile" name="createProject" time="0.911"/>
  <system-out/>
</testsuite> <!-- DifferentWaysToPost.CreateProjectUsingJSONfile -->
