<?xml version="1.0" encoding="UTF-8"?>
<!-- Generated by org.testng.reporters.JUnitReportReporter -->
<testsuite hostname="DESKTOP-QNLDC4R" failures="0" tests="1" name="PracticeCRUDOperationsWithBDD.getSingleProjectTest" time="0.933" errors="0" timestamp="2022-04-20T15:29:52 IST" skipped="0">
  <testcase classname="PracticeCRUDOperationsWithBDD.getSingleProjectTest" name="getsingleProject" time="0.933"/>
  <system-out/>
</testsuite> <!-- PracticeCRUDOperationsWithBDD.getSingleProjectTest -->
