<?xml version="1.0" encoding="UTF-8"?>
<!-- Generated by org.testng.reporters.JUnitReportReporter -->
<testsuite hostname="DESKTOP-QNLDC4R" failures="0" tests="1" name="parameters.ParametersTestForGit" time="1.906" errors="0" timestamp="2022-04-21T15:57:26 IST" skipped="0">
  <testcase classname="parameters.ParametersTestForGit" name="parametersTest" time="1.906"/>
  <system-out/>
</testsuite> <!-- parameters.ParametersTestForGit -->
