<?xml version="1.0" encoding="UTF-8"?>
<!-- Generated by org.testng.reporters.JUnitReportReporter -->
<testsuite hostname="DESKTOP-QNLDC4R" failures="0" tests="1" name="PracticeCRUDOperationsWithBDD.DeleteProjectTest" time="0.893" errors="0" timestamp="2022-04-20T15:39:25 IST" skipped="0">
  <testcase classname="PracticeCRUDOperationsWithBDD.DeleteProjectTest" name="deleteProject" time="0.893"/>
  <system-out/>
</testsuite> <!-- PracticeCRUDOperationsWithBDD.DeleteProjectTest -->
