<?xml version="1.0" encoding="UTF-8"?>
<!-- Generated by org.testng.reporters.JUnitReportReporter -->
<testsuite hostname="DESKTOP-QNLDC4R" failures="0" tests="1" name="DifferentWaysToPost.CreateProjectUsingJSONObject" time="1.067" errors="0" timestamp="2022-04-20T16:37:20 IST" skipped="0">
  <testcase classname="DifferentWaysToPost.CreateProjectUsingJSONObject" name="createproject" time="1.067"/>
  <system-out/>
</testsuite> <!-- DifferentWaysToPost.CreateProjectUsingJSONObject -->
