<?xml version="1.0" encoding="UTF-8"?>
<!-- Generated by org.testng.reporters.JUnitReportReporter -->
<testsuite hostname="DESKTOP-QNLDC4R" failures="0" tests="1" name="practiceCRUDOperationsWithoutBDD.UpdateProjectTest" time="1.021" errors="0" timestamp="2022-04-20T13:08:16 IST" skipped="0">
  <testcase classname="practiceCRUDOperationsWithoutBDD.UpdateProjectTest" name="updateProject" time="1.021"/>
  <system-out/>
</testsuite> <!-- practiceCRUDOperationsWithoutBDD.UpdateProjectTest -->
