<?xml version="1.0" encoding="UTF-8"?>
<!-- Generated by org.testng.reporters.JUnitReportReporter -->
<testsuite hostname="DESKTOP-QNLDC4R" failures="0" tests="1" name="PracticeCRUDOperationsWithBDD.getAllProjects" time="0.884" errors="0" timestamp="2022-04-20T15:35:46 IST" skipped="0">
  <testcase classname="PracticeCRUDOperationsWithBDD.getAllProjects" name="getallProjects" time="0.884"/>
  <system-out/>
</testsuite> <!-- PracticeCRUDOperationsWithBDD.getAllProjects -->
