<?xml version="1.0" encoding="UTF-8"?>
<!-- Generated by org.testng.reporters.JUnitReportReporter -->
<testsuite hostname="DESKTOP-QNLDC4R" failures="0" tests="1" name="response_Validation.staticResponseValidationGet" time="1.105" errors="0" timestamp="2022-04-21T14:40:54 IST" skipped="0">
  <testcase classname="response_Validation.staticResponseValidationGet" name="staticresponsevaliGet" time="1.105"/>
  <system-out/>
</testsuite> <!-- response_Validation.staticResponseValidationGet -->
