<?xml version="1.0" encoding="UTF-8"?>
<!-- Generated by org.testng.reporters.JUnitReportReporter -->
<testsuite hostname="DESKTOP-QNLDC4R" failures="0" tests="3" name="dataDrivenTesting.CreatemultipleProjectwitDiffData" time="1.146" errors="0" timestamp="2022-04-21T15:01:39 IST" skipped="0">
  <testcase classname="dataDrivenTesting.CreatemultipleProjectwitDiffData" name="createProject" time="0.021"/>
  <system-out/>
  <testcase classname="dataDrivenTesting.CreatemultipleProjectwitDiffData" name="createProject" time="0.024"/>
  <system-out/>
  <testcase classname="dataDrivenTesting.CreatemultipleProjectwitDiffData" name="createProject" time="1.101"/>
  <system-out/>
</testsuite> <!-- dataDrivenTesting.CreatemultipleProjectwitDiffData -->
