<?xml version="1.0" encoding="UTF-8"?>
<!-- Generated by org.testng.reporters.JUnitReportReporter -->
<testsuite hostname="DESKTOP-QNLDC4R" failures="0" tests="1" name="practiceCRUDOperationsWithoutBDD.GetAllProjectsTest" time="1.368" errors="0" timestamp="2022-04-20T14:48:55 IST" skipped="0">
  <testcase classname="practiceCRUDOperationsWithoutBDD.GetAllProjectsTest" name="getAllProjects" time="1.368"/>
  <system-out/>
</testsuite> <!-- practiceCRUDOperationsWithoutBDD.GetAllProjectsTest -->
