<?xml version="1.0" encoding="UTF-8"?>
<!-- Generated by org.testng.reporters.JUnitReportReporter -->
<testsuite hostname="DESKTOP-QNLDC4R" failures="0" tests="1" name="parameters.queryParameter" time="2.022" errors="0" timestamp="2022-04-21T14:52:27 IST" skipped="0">
  <testcase classname="parameters.queryParameter" name="querypara" time="2.022"/>
  <system-out/>
</testsuite> <!-- parameters.queryParameter -->
