<?xml version="1.0" encoding="UTF-8"?>
<!-- Generated by org.testng.reporters.JUnitReportReporter -->
<testsuite hostname="DESKTOP-QNLDC4R" failures="0" tests="1" name="Authentication.BearerToken" time="3.108" errors="0" timestamp="2022-04-21T16:31:06 IST" skipped="0">
  <testcase classname="Authentication.BearerToken" name="bearerToken" time="3.108"/>
  <system-out/>
</testsuite> <!-- Authentication.BearerToken -->
