<?xml version="1.0" encoding="UTF-8"?>
<!-- Generated by org.testng.reporters.JUnitReportReporter -->
<testsuite hostname="DESKTOP-QNLDC4R" failures="0" tests="1" name="practiceCRUDOperationsWithoutBDD.DeleteProjectTest" time="0.844" errors="0" timestamp="2022-04-20T13:10:16 IST" skipped="0">
  <testcase classname="practiceCRUDOperationsWithoutBDD.DeleteProjectTest" name="deleteProjectTest" time="0.844"/>
  <system-out/>
</testsuite> <!-- practiceCRUDOperationsWithoutBDD.DeleteProjectTest -->
