<?xml version="1.0" encoding="UTF-8"?>
<!-- Generated by org.testng.reporters.JUnitReportReporter -->
<testsuite hostname="DESKTOP-QNLDC4R" failures="0" tests="3" name="Authentication.BasicAuth" time="1.129" errors="0" timestamp="2022-04-21T16:18:08 IST" skipped="0">
  <testcase classname="Authentication.BasicAuth" name="basicAuth" time="0.938"/>
  <system-out/>
  <testcase classname="Authentication.BasicAuth" name="basicPreEmptiveAuth" time="0.107"/>
  <system-out/>
  <testcase classname="Authentication.BasicAuth" name="basicDigestiveAuth" time="0.084"/>
  <system-out/>
</testsuite> <!-- Authentication.BasicAuth -->
