<?xml version="1.0" encoding="UTF-8"?>
<!-- Generated by org.testng.reporters.JUnitReportReporter -->
<testsuite hostname="DESKTOP-QNLDC4R" failures="0" tests="1" name="practiceCRUDOperationsWithoutBDD.getSingleProject" time="1.153" errors="0" timestamp="2022-04-20T14:51:43 IST" skipped="0">
  <testcase classname="practiceCRUDOperationsWithoutBDD.getSingleProject" name="getsingleProject" time="1.153"/>
  <system-out/>
</testsuite> <!-- practiceCRUDOperationsWithoutBDD.getSingleProject -->
