<?xml version="1.0" encoding="UTF-8"?>
<!-- Generated by org.testng.reporters.JUnitReportReporter -->
<testsuite hostname="DESKTOP-QNLDC4R" failures="0" tests="1" name="rmgyantraTestsWithFramework.CreateProjectAndVerifyInDataBase" time="1.290" errors="0" timestamp="2022-04-22T13:28:08 IST" skipped="0">
  <testcase classname="rmgyantraTestsWithFramework.CreateProjectAndVerifyInDataBase" name="createProjectVerifyInDb" time="1.290"/>
  <system-out/>
</testsuite> <!-- rmgyantraTestsWithFramework.CreateProjectAndVerifyInDataBase -->
