<?xml version="1.0" encoding="UTF-8"?>
<!-- Generated by org.testng.reporters.JUnitReportReporter -->
<testsuite hostname="DESKTOP-QNLDC4R" failures="0" tests="1" name="Authentication.Oauth2_0" time="2.315" errors="0" timestamp="2022-04-21T17:47:28 IST" skipped="0">
  <testcase classname="Authentication.Oauth2_0" name="oauth2Authentication" time="2.315"/>
  <system-out/>
</testsuite> <!-- Authentication.Oauth2_0 -->
