<?xml version="1.0" encoding="UTF-8"?>
<!-- Generated by org.testng.reporters.JUnitReportReporter -->
<testsuite hostname="DESKTOP-QNLDC4R" failures="0" tests="1" name="response_Validation.staticResponseValidationPost" time="1.691" errors="0" timestamp="2022-04-21T11:48:38 IST" skipped="0">
  <testcase classname="response_Validation.staticResponseValidationPost" name="staticresponsevali" time="1.691"/>
  <system-out/>
</testsuite> <!-- response_Validation.staticResponseValidationPost -->
