<?xml version="1.0" encoding="UTF-8"?>
<!-- Generated by org.testng.reporters.JUnitReportReporter -->
<testsuite hostname="DESKTOP-QNLDC4R" failures="0" tests="1" name="requestChaining.CreateProjectandGetProject" time="1.425" errors="0" timestamp="2022-04-21T15:51:44 IST" skipped="0">
  <testcase classname="requestChaining.CreateProjectandGetProject" name="requestChaining" time="1.425"/>
  <system-out/>
</testsuite> <!-- requestChaining.CreateProjectandGetProject -->
