<?xml version="1.0" encoding="UTF-8"?>
<!-- Generated by org.testng.reporters.JUnitReportReporter -->
<testsuite hostname="DESKTOP-QNLDC4R" failures="0" tests="1" name="PracticeCRUDOperationsWithBDD.CreateProjectTest" time="1.110" errors="0" timestamp="2022-04-20T16:20:44 IST" skipped="0">
  <testcase classname="PracticeCRUDOperationsWithBDD.CreateProjectTest" name="createProjectTest" time="1.110"/>
  <system-out/>
</testsuite> <!-- PracticeCRUDOperationsWithBDD.CreateProjectTest -->
