<?xml version="1.0" encoding="UTF-8"?>
<!-- Generated by org.testng.reporters.JUnitReportReporter -->
<testsuite hostname="DESKTOP-QNLDC4R" failures="0" tests="1" name="PracticeCRUDOperationsWithBDD.UpdateProjectTest" time="1.076" errors="0" timestamp="2022-04-20T15:21:05 IST" skipped="0">
  <testcase classname="PracticeCRUDOperationsWithBDD.UpdateProjectTest" name="updateProject" time="1.076"/>
  <system-out/>
</testsuite> <!-- PracticeCRUDOperationsWithBDD.UpdateProjectTest -->
