<?xml version="1.0" encoding="UTF-8"?>
<!-- Generated by org.testng.reporters.JUnitReportReporter -->
<testsuite hostname="DESKTOP-QNLDC4R" failures="0" tests="1" name="com.rmg.pathParameters.getOneProjectUsingPathParamter" time="2.023" errors="0" timestamp="2022-04-19T17:55:06 IST" skipped="0">
  <testcase classname="com.rmg.pathParameters.getOneProjectUsingPathParamter" name="getRepoTest" time="2.023"/>
  <system-out/>
</testsuite> <!-- com.rmg.pathParameters.getOneProjectUsingPathParamter -->
