<?xml version="1.0" encoding="UTF-8"?>
<!-- Generated by org.testng.reporters.JUnitReportReporter -->
<testsuite hostname="DESKTOP-QNLDC4R" failures="0" tests="1" name="DifferentWaysToPost.CreateProjectUsingPOJO" time="1.143" errors="0" timestamp="2022-04-20T17:07:34 IST" skipped="0">
  <testcase classname="DifferentWaysToPost.CreateProjectUsingPOJO" name="createProject" time="1.143"/>
  <system-out/>
</testsuite> <!-- DifferentWaysToPost.CreateProjectUsingPOJO -->
