<?xml version="1.0" encoding="UTF-8"?>
<!-- Generated by org.testng.reporters.JUnitReportReporter -->
<testsuite hostname="DESKTOP-QNLDC4R" failures="0" tests="1" name="requestChaining.CreateProAndDelete" time="1.342" errors="0" timestamp="2022-04-21T16:01:52 IST" skipped="0">
  <testcase classname="requestChaining.CreateProAndDelete" name="CreateAndDelete" time="1.342"/>
  <system-out/>
</testsuite> <!-- requestChaining.CreateProAndDelete -->
