<?xml version="1.0" encoding="UTF-8"?>
<!-- Generated by org.testng.reporters.JUnitReportReporter -->
<testsuite hostname="DESKTOP-QNLDC4R" failures="0" tests="1" name="parameters.PathParameters" time="0.903" errors="0" timestamp="2022-04-21T14:43:43 IST" skipped="0">
  <testcase classname="parameters.PathParameters" name="getSingleProject" time="0.903"/>
  <system-out/>
</testsuite> <!-- parameters.PathParameters -->
