<?xml version="1.0" encoding="UTF-8"?>
<!-- Generated by org.testng.reporters.JUnitReportReporter -->
<testsuite hostname="DESKTOP-QNLDC4R" failures="0" tests="1" name="practiceCRUDOperationsWithoutBDD.CreateProjectTest" time="1.046" errors="0" timestamp="2022-04-20T12:50:05 IST" skipped="0">
  <testcase classname="practiceCRUDOperationsWithoutBDD.CreateProjectTest" name="createProjectTest" time="1.046"/>
  <system-out/>
</testsuite> <!-- practiceCRUDOperationsWithoutBDD.CreateProjectTest -->
